-------------------------------------------------------------------------------
Test set: com.infosys.ordermanagement.OrdermanagementApplicationTests
-------------------------------------------------------------------------------
Tests run: 1, Failures: 0, Errors: 1, Skipped: 0, Time elapsed: 0.345 s <<< FAILURE! - in com.infosys.ordermanagement.OrdermanagementApplicationTests
com.infosys.ordermanagement.OrdermanagementApplicationTests  Time elapsed: 0.344 s  <<< ERROR!
java.lang.IllegalStateException: Unable to find a @SpringBootConfiguration, you need to use @ContextConfiguration or @SpringBootTest(classes=...) with your test

