<?xml version="1.0" encoding="UTF-8"?>
<testsuite xmlns:xsi="http://www.w3.org/2001/XMLSchema-instance" xsi:noNamespaceSchemaLocation="https://maven.apache.org/surefire/maven-surefire-plugin/xsd/surefire-test-report.xsd" name="com.infosys.ordermanagement.OrdermanagementApplicationTests" time="0.345" tests="1" errors="1" skipped="0" failures="0">
  <properties>
[...]
</properties>
  <testcase name="com.infosys.ordermanagement.OrdermanagementApplicationTests" classname="com.infosys.ordermanagement.OrdermanagementApplicationTests" time="0.344">
    <error message="Unable to find a @SpringBootConfiguration, you need to use @ContextConfiguration or @SpringBootTest(classes=...) with your test" type="java.lang.IllegalStateException">java.lang.IllegalStateException: Unable to find a @SpringBootConfiguration, you need to use @ContextConfiguration or @SpringBootTest(classes=...) with your test
</error>
    <system-out><![CDATA[14:02:59.738 [main] DEBUG org.springframework.test.context.BootstrapUtils - Instantiating CacheAwareContextLoaderDelegate from class [org.springframework.test.context.cache.DefaultCacheAwareContextLoaderDelegate]
14:02:59.750 [main] DEBUG org.springframework.test.context.BootstrapUtils - Instantiating BootstrapContext using constructor [public org.springframework.test.context.support.DefaultBootstrapContext(java.lang.Class,org.springframework.test.context.CacheAwareContextLoaderDelegate)]
14:02:59.775 [main] DEBUG org.springframework.test.context.BootstrapUtils - Instantiating TestContextBootstrapper for test class [com.infosys.ordermanagement.OrdermanagementApplicationTests] from class [org.springframework.boot.test.context.SpringBootTestContextBootstrapper]
14:02:59.790 [main] INFO org.springframework.boot.test.context.SpringBootTestContextBootstrapper - Neither @ContextConfiguration nor @ContextHierarchy found for test class [com.infosys.ordermanagement.OrdermanagementApplicationTests], using SpringBootContextLoader
14:02:59.793 [main] DEBUG org.springframework.test.context.support.AbstractContextLoader - Did not detect default resource location for test class [com.infosys.ordermanagement.OrdermanagementApplicationTests]: class path resource [com/infosys/ordermanagement/OrdermanagementApplicationTests-context.xml] does not exist
14:02:59.794 [main] DEBUG org.springframework.test.context.support.AbstractContextLoader - Did not detect default resource location for test class [com.infosys.ordermanagement.OrdermanagementApplicationTests]: class path resource [com/infosys/ordermanagement/OrdermanagementApplicationTestsContext.groovy] does not exist
14:02:59.794 [main] INFO org.springframework.test.context.support.AbstractContextLoader - Could not detect default resource locations for test class [com.infosys.ordermanagement.OrdermanagementApplicationTests]: no resource found for suffixes {-context.xml, Context.groovy}.
14:02:59.795 [main] INFO org.springframework.test.context.support.AnnotationConfigContextLoaderUtils - Could not detect default configuration classes for test class [com.infosys.ordermanagement.OrdermanagementApplicationTests]: OrdermanagementApplicationTests does not declare any static, non-private, non-final, nested classes annotated with @Configuration.
14:02:59.840 [main] DEBUG org.springframework.test.context.support.ActiveProfilesUtils - Could not find an 'annotation declaring class' for annotation type [org.springframework.test.context.ActiveProfiles] and class [com.infosys.ordermanagement.OrdermanagementApplicationTests]
14:02:59.946 [main] DEBUG org.springframework.test.context.BootstrapUtils - Instantiating CacheAwareContextLoaderDelegate from class [org.springframework.test.context.cache.DefaultCacheAwareContextLoaderDelegate]
14:02:59.946 [main] DEBUG org.springframework.test.context.BootstrapUtils - Instantiating BootstrapContext using constructor [public org.springframework.test.context.support.DefaultBootstrapContext(java.lang.Class,org.springframework.test.context.CacheAwareContextLoaderDelegate)]
14:02:59.946 [main] DEBUG org.springframework.test.context.BootstrapUtils - Instantiating TestContextBootstrapper for test class [com.infosys.ordermanagement.OrdermanagementApplicationTests] from class [org.springframework.boot.test.context.SpringBootTestContextBootstrapper]
14:02:59.947 [main] INFO org.springframework.boot.test.context.SpringBootTestContextBootstrapper - Neither @ContextConfiguration nor @ContextHierarchy found for test class [com.infosys.ordermanagement.OrdermanagementApplicationTests], using SpringBootContextLoader
14:02:59.947 [main] DEBUG org.springframework.test.context.support.AbstractContextLoader - Did not detect default resource location for test class [com.infosys.ordermanagement.OrdermanagementApplicationTests]: class path resource [com/infosys/ordermanagement/OrdermanagementApplicationTests-context.xml] does not exist
14:02:59.948 [main] DEBUG org.springframework.test.context.support.AbstractContextLoader - Did not detect default resource location for test class [com.infosys.ordermanagement.OrdermanagementApplicationTests]: class path resource [com/infosys/ordermanagement/OrdermanagementApplicationTestsContext.groovy] does not exist
14:02:59.948 [main] INFO org.springframework.test.context.support.AbstractContextLoader - Could not detect default resource locations for test class [com.infosys.ordermanagement.OrdermanagementApplicationTests]: no resource found for suffixes {-context.xml, Context.groovy}.
14:02:59.948 [main] INFO org.springframework.test.context.support.AnnotationConfigContextLoaderUtils - Could not detect default configuration classes for test class [com.infosys.ordermanagement.OrdermanagementApplicationTests]: OrdermanagementApplicationTests does not declare any static, non-private, non-final, nested classes annotated with @Configuration.
14:02:59.949 [main] DEBUG org.springframework.test.context.support.ActiveProfilesUtils - Could not find an 'annotation declaring class' for annotation type [org.springframework.test.context.ActiveProfiles] and class [com.infosys.ordermanagement.OrdermanagementApplicationTests]
14:02:59.984 [main] DEBUG org.springframework.test.context.BootstrapUtils - Instantiating CacheAwareContextLoaderDelegate from class [org.springframework.test.context.cache.DefaultCacheAwareContextLoaderDelegate]
14:02:59.984 [main] DEBUG org.springframework.test.context.BootstrapUtils - Instantiating BootstrapContext using constructor [public org.springframework.test.context.support.DefaultBootstrapContext(java.lang.Class,org.springframework.test.context.CacheAwareContextLoaderDelegate)]
14:02:59.985 [main] DEBUG org.springframework.test.context.BootstrapUtils - Instantiating TestContextBootstrapper for test class [com.infosys.ordermanagement.OrdermanagementApplicationTests] from class [org.springframework.boot.test.context.SpringBootTestContextBootstrapper]
14:02:59.985 [main] INFO org.springframework.boot.test.context.SpringBootTestContextBootstrapper - Neither @ContextConfiguration nor @ContextHierarchy found for test class [com.infosys.ordermanagement.OrdermanagementApplicationTests], using SpringBootContextLoader
14:02:59.986 [main] DEBUG org.springframework.test.context.support.AbstractContextLoader - Did not detect default resource location for test class [com.infosys.ordermanagement.OrdermanagementApplicationTests]: class path resource [com/infosys/ordermanagement/OrdermanagementApplicationTests-context.xml] does not exist
14:02:59.986 [main] DEBUG org.springframework.test.context.support.AbstractContextLoader - Did not detect default resource location for test class [com.infosys.ordermanagement.OrdermanagementApplicationTests]: class path resource [com/infosys/ordermanagement/OrdermanagementApplicationTestsContext.groovy] does not exist
14:02:59.986 [main] INFO org.springframework.test.context.support.AbstractContextLoader - Could not detect default resource locations for test class [com.infosys.ordermanagement.OrdermanagementApplicationTests]: no resource found for suffixes {-context.xml, Context.groovy}.
14:02:59.986 [main] INFO org.springframework.test.context.support.AnnotationConfigContextLoaderUtils - Could not detect default configuration classes for test class [com.infosys.ordermanagement.OrdermanagementApplicationTests]: OrdermanagementApplicationTests does not declare any static, non-private, non-final, nested classes annotated with @Configuration.
14:02:59.987 [main] DEBUG org.springframework.test.context.support.ActiveProfilesUtils - Could not find an 'annotation declaring class' for annotation type [org.springframework.test.context.ActiveProfiles] and class [com.infosys.ordermanagement.OrdermanagementApplicationTests]
]]></system-out>
  </testcase>
</testsuite>